[2022-03-16 15:59:52,871] {taskinstance.py:1037} INFO - Dependencies all met for <TaskInstance: Assignment.Write_into_csv manual__2022-03-16T15:59:48.431712+00:00 [queued]>
[2022-03-16 15:59:52,912] {taskinstance.py:1037} INFO - Dependencies all met for <TaskInstance: Assignment.Write_into_csv manual__2022-03-16T15:59:48.431712+00:00 [queued]>
[2022-03-16 15:59:52,914] {taskinstance.py:1243} INFO - 
--------------------------------------------------------------------------------
[2022-03-16 15:59:52,915] {taskinstance.py:1244} INFO - Starting attempt 1 of 2
[2022-03-16 15:59:52,916] {taskinstance.py:1245} INFO - 
--------------------------------------------------------------------------------
[2022-03-16 15:59:52,965] {taskinstance.py:1264} INFO - Executing <Task(PythonOperator): Write_into_csv> on 2022-03-16 15:59:48.431712+00:00
[2022-03-16 15:59:52,977] {standard_task_runner.py:52} INFO - Started process 3001 to run task
[2022-03-16 15:59:52,985] {standard_task_runner.py:76} INFO - Running: ['***', 'tasks', 'run', 'Assignment', 'Write_into_csv', 'manual__2022-03-16T15:59:48.431712+00:00', '--job-id', '15', '--raw', '--subdir', 'DAGS_FOLDER/DAG_file.py', '--cfg-path', '/tmp/tmpgn46yxb0', '--error-file', '/tmp/tmpyr6a6m5v']
[2022-03-16 15:59:52,988] {standard_task_runner.py:77} INFO - Job 15: Subtask Write_into_csv
[2022-03-16 15:59:53,142] {logging_mixin.py:109} INFO - Running <TaskInstance: Assignment.Write_into_csv manual__2022-03-16T15:59:48.431712+00:00 [running]> on host e8c8ac0dbee4
[2022-03-16 15:59:53,314] {taskinstance.py:1431} INFO - Exporting the following env vars:
AIRFLOW_CTX_DAG_EMAIL=***@***.com
AIRFLOW_CTX_DAG_OWNER=Airflow
AIRFLOW_CTX_DAG_ID=Assignment
AIRFLOW_CTX_TASK_ID=Write_into_csv
AIRFLOW_CTX_EXECUTION_DATE=2022-03-16T15:59:48.431712+00:00
AIRFLOW_CTX_DAG_RUN_ID=manual__2022-03-16T15:59:48.431712+00:00
[2022-03-16 15:59:54,002] {logging_mixin.py:109} INFO - {'coord': {'lon': 85.1167, 'lat': 25.6}, 'weather': [{'id': 721, 'main': 'Haze', 'description': 'haze', 'icon': '50n'}], 'base': 'stations', 'main': {'temp': 82.33, 'feels_like': 85.1, 'temp_min': 82.33, 'temp_max': 82.33, 'pressure': 1005, 'humidity': 61}, 'visibility': 4000, 'wind': {'speed': 2.3, 'deg': 50}, 'clouds': {'all': 1}, 'dt': 1647446394, 'sys': {'type': 1, 'id': 9129, 'country': 'IN', 'sunrise': 1647390492, 'sunset': 1647433708}, 'timezone': 19800, 'id': 1260086, 'name': 'Patna', 'cod': 200}
[2022-03-16 15:59:54,488] {logging_mixin.py:109} INFO - {'coord': {'lon': 77.2167, 'lat': 28.6667}, 'weather': [{'id': 721, 'main': 'Haze', 'description': 'haze', 'icon': '50n'}], 'base': 'stations', 'main': {'temp': 84.29, 'feels_like': 86.43, 'temp_min': 84.29, 'temp_max': 87.31, 'pressure': 1006, 'humidity': 54}, 'visibility': 4000, 'wind': {'speed': 4.61, 'deg': 280}, 'clouds': {'all': 87}, 'dt': 1647445610, 'sys': {'type': 1, 'id': 9165, 'country': 'IN', 'sunrise': 1647392411, 'sunset': 1647435580}, 'timezone': 19800, 'id': 1273294, 'name': 'Delhi', 'cod': 200}
[2022-03-16 15:59:55,126] {logging_mixin.py:109} INFO - {'coord': {'lon': 77.6033, 'lat': 12.9762}, 'weather': [{'id': 721, 'main': 'Haze', 'description': 'haze', 'icon': '50n'}], 'base': 'stations', 'main': {'temp': 82.04, 'feels_like': 80.51, 'temp_min': 76.82, 'temp_max': 82.04, 'pressure': 1014, 'humidity': 30}, 'visibility': 5000, 'wind': {'speed': 5.75, 'deg': 80}, 'clouds': {'all': 20}, 'dt': 1647446270, 'sys': {'type': 1, 'id': 9205, 'country': 'IN', 'sunrise': 1647392200, 'sunset': 1647435605}, 'timezone': 19800, 'id': 1277333, 'name': 'Bengaluru', 'cod': 200}
[2022-03-16 15:59:55,819] {logging_mixin.py:109} INFO - {'coord': {'lon': 74.0833, 'lat': 15.3333}, 'weather': [{'id': 804, 'main': 'Clouds', 'description': 'overcast clouds', 'icon': '04n'}], 'base': 'stations', 'main': {'temp': 82.78, 'feels_like': 92.3, 'temp_min': 82.78, 'temp_max': 82.78, 'pressure': 1009, 'humidity': 85, 'sea_level': 1009, 'grnd_level': 995}, 'visibility': 10000, 'wind': {'speed': 0.6, 'deg': 62, 'gust': 1.9}, 'clouds': {'all': 89}, 'dt': 1647446396, 'sys': {'type': 1, 'id': 9233, 'country': 'IN', 'sunrise': 1647393062, 'sunset': 1647436433}, 'timezone': 19800, 'id': 1271157, 'name': 'Goa', 'cod': 200}
[2022-03-16 15:59:56,416] {logging_mixin.py:109} INFO - {'coord': {'lon': 72.8479, 'lat': 19.0144}, 'weather': [{'id': 711, 'main': 'Smoke', 'description': 'smoke', 'icon': '50n'}], 'base': 'stations', 'main': {'temp': 94.98, 'feels_like': 91.45, 'temp_min': 94.98, 'temp_max': 94.98, 'pressure': 1007, 'humidity': 20}, 'visibility': 3000, 'wind': {'speed': 6.91, 'deg': 350}, 'clouds': {'all': 2}, 'dt': 1647446184, 'sys': {'type': 1, 'id': 9052, 'country': 'IN', 'sunrise': 1647393385, 'sunset': 1647436702}, 'timezone': 19800, 'id': 1275339, 'name': 'Mumbai', 'cod': 200}
[2022-03-16 15:59:57,048] {logging_mixin.py:109} INFO - {'coord': {'lon': 75.8167, 'lat': 26.9167}, 'weather': [{'id': 721, 'main': 'Haze', 'description': 'haze', 'icon': '50n'}], 'base': 'stations', 'main': {'temp': 85.32, 'feels_like': 83.39, 'temp_min': 85.32, 'temp_max': 85.32, 'pressure': 1008, 'humidity': 32}, 'visibility': 4000, 'wind': {'speed': 2.3, 'deg': 0}, 'clouds': {'all': 47}, 'dt': 1647446397, 'sys': {'type': 1, 'id': 9170, 'country': 'IN', 'sunrise': 1647392733, 'sunset': 1647435930}, 'timezone': 19800, 'id': 1269515, 'name': 'Jaipur', 'cod': 200}
[2022-03-16 15:59:57,773] {logging_mixin.py:109} INFO - {'coord': {'lon': 78.4744, 'lat': 17.3753}, 'weather': [{'id': 801, 'main': 'Clouds', 'description': 'few clouds', 'icon': '02n'}], 'base': 'stations', 'main': {'temp': 75.61, 'feels_like': 74.66, 'temp_min': 75.61, 'temp_max': 83.71, 'pressure': 1012, 'humidity': 38}, 'visibility': 6000, 'wind': {'speed': 4.61, 'deg': 130}, 'clouds': {'all': 24}, 'dt': 1647446397, 'sys': {'type': 1, 'id': 9214, 'country': 'IN', 'sunrise': 1647392024, 'sunset': 1647435364}, 'timezone': 19800, 'id': 1269843, 'name': 'Hyderabad', 'cod': 200}
[2022-03-16 16:00:00,436] {logging_mixin.py:109} INFO - {'coord': {'lon': 73.8553, 'lat': 18.5196}, 'weather': [{'id': 801, 'main': 'Clouds', 'description': 'few clouds', 'icon': '02n'}], 'base': 'stations', 'main': {'temp': 83.57, 'feels_like': 80.96, 'temp_min': 83.57, 'temp_max': 83.57, 'pressure': 1009, 'humidity': 20, 'sea_level': 1009, 'grnd_level': 949}, 'visibility': 10000, 'wind': {'speed': 4.09, 'deg': 290, 'gust': 6.76}, 'clouds': {'all': 18}, 'dt': 1647446255, 'sys': {'country': 'IN', 'sunrise': 1647393140, 'sunset': 1647436464}, 'timezone': 19800, 'id': 1259229, 'name': 'Pune', 'cod': 200}
[2022-03-16 16:00:01,142] {logging_mixin.py:109} INFO - {'coord': {'lon': 78.4744, 'lat': 17.3753}, 'weather': [{'id': 801, 'main': 'Clouds', 'description': 'few clouds', 'icon': '02n'}], 'base': 'stations', 'main': {'temp': 75.61, 'feels_like': 74.66, 'temp_min': 75.61, 'temp_max': 83.71, 'pressure': 1012, 'humidity': 38}, 'visibility': 6000, 'wind': {'speed': 4.61, 'deg': 130}, 'clouds': {'all': 24}, 'dt': 1647446401, 'sys': {'type': 1, 'id': 9214, 'country': 'IN', 'sunrise': 1647392024, 'sunset': 1647435364}, 'timezone': 19800, 'id': 1269843, 'name': 'Hyderabad', 'cod': 200}
[2022-03-16 16:00:04,979] {logging_mixin.py:109} INFO - {'coord': {'lon': 76.7933, 'lat': 30.7343}, 'weather': [{'id': 800, 'main': 'Clear', 'description': 'clear sky', 'icon': '01n'}], 'base': 'stations', 'main': {'temp': 77.25, 'feels_like': 76.28, 'temp_min': 77.25, 'temp_max': 77.25, 'pressure': 1004, 'humidity': 34, 'sea_level': 1004, 'grnd_level': 966}, 'visibility': 10000, 'wind': {'speed': 7.16, 'deg': 19, 'gust': 7.63}, 'clouds': {'all': 6}, 'dt': 1647446375, 'sys': {'country': 'IN', 'sunrise': 1647392529, 'sunset': 1647435666}, 'timezone': 19800, 'id': 1274746, 'name': 'Chandigarh', 'cod': 200}
[2022-03-16 16:00:04,992] {logging_mixin.py:109} INFO - Done Successfully
[2022-03-16 16:00:04,997] {python.py:175} INFO - Done. Returned value was: None
[2022-03-16 16:00:05,103] {taskinstance.py:1282} INFO - Marking task as SUCCESS. dag_id=Assignment, task_id=Write_into_csv, execution_date=20220316T155948, start_date=20220316T155952, end_date=20220316T160005
[2022-03-16 16:00:05,240] {local_task_job.py:154} INFO - Task exited with return code 0
[2022-03-16 16:00:05,377] {local_task_job.py:264} INFO - 1 downstream tasks scheduled from follow-on schedule check
