[2022-03-16 15:20:06,935] {taskinstance.py:1037} INFO - Dependencies all met for <TaskInstance: Assignment.Write_into_csv manual__2022-03-16T15:19:57.007190+00:00 [queued]>
[2022-03-16 15:20:07,355] {taskinstance.py:1037} INFO - Dependencies all met for <TaskInstance: Assignment.Write_into_csv manual__2022-03-16T15:19:57.007190+00:00 [queued]>
[2022-03-16 15:20:07,358] {taskinstance.py:1243} INFO - 
--------------------------------------------------------------------------------
[2022-03-16 15:20:07,367] {taskinstance.py:1244} INFO - Starting attempt 1 of 2
[2022-03-16 15:20:07,372] {taskinstance.py:1245} INFO - 
--------------------------------------------------------------------------------
[2022-03-16 15:20:11,937] {taskinstance.py:1264} INFO - Executing <Task(PythonOperator): Write_into_csv> on 2022-03-16 15:19:57.007190+00:00
[2022-03-16 15:20:11,974] {standard_task_runner.py:52} INFO - Started process 1144 to run task
[2022-03-16 15:20:12,037] {standard_task_runner.py:76} INFO - Running: ['***', 'tasks', 'run', 'Assignment', 'Write_into_csv', 'manual__2022-03-16T15:19:57.007190+00:00', '--job-id', '12', '--raw', '--subdir', 'DAGS_FOLDER/DAG_file.py', '--cfg-path', '/tmp/tmp95awvwvj', '--error-file', '/tmp/tmpldn23cl8']
[2022-03-16 15:20:12,054] {standard_task_runner.py:77} INFO - Job 12: Subtask Write_into_csv
[2022-03-16 15:20:12,443] {logging_mixin.py:109} INFO - Running <TaskInstance: Assignment.Write_into_csv manual__2022-03-16T15:19:57.007190+00:00 [running]> on host e8c8ac0dbee4
[2022-03-16 15:20:12,688] {taskinstance.py:1431} INFO - Exporting the following env vars:
AIRFLOW_CTX_DAG_EMAIL=***@***.com
AIRFLOW_CTX_DAG_OWNER=Airflow
AIRFLOW_CTX_DAG_ID=Assignment
AIRFLOW_CTX_TASK_ID=Write_into_csv
AIRFLOW_CTX_EXECUTION_DATE=2022-03-16T15:19:57.007190+00:00
AIRFLOW_CTX_DAG_RUN_ID=manual__2022-03-16T15:19:57.007190+00:00
[2022-03-16 15:20:13,742] {logging_mixin.py:109} INFO - {'coord': {'lon': 85.1167, 'lat': 25.6}, 'weather': [{'id': 721, 'main': 'Haze', 'description': 'haze', 'icon': '50n'}], 'base': 'stations', 'main': {'temp': 82.33, 'feels_like': 85.1, 'temp_min': 82.33, 'temp_max': 82.33, 'pressure': 1005, 'humidity': 61}, 'visibility': 4000, 'wind': {'speed': 3.44, 'deg': 60}, 'clouds': {'all': 2}, 'dt': 1647443810, 'sys': {'type': 1, 'id': 9129, 'country': 'IN', 'sunrise': 1647390492, 'sunset': 1647433708}, 'timezone': 19800, 'id': 1260086, 'name': 'Patna', 'cod': 200}
[2022-03-16 15:20:14,340] {logging_mixin.py:109} INFO - {'coord': {'lon': 77.2167, 'lat': 28.6667}, 'weather': [{'id': 721, 'main': 'Haze', 'description': 'haze', 'icon': '50n'}], 'base': 'stations', 'main': {'temp': 84.29, 'feels_like': 86.43, 'temp_min': 84.29, 'temp_max': 87.31, 'pressure': 1005, 'humidity': 54}, 'visibility': 4000, 'wind': {'speed': 6.91, 'deg': 280}, 'clouds': {'all': 84}, 'dt': 1647443956, 'sys': {'type': 1, 'id': 9165, 'country': 'IN', 'sunrise': 1647392411, 'sunset': 1647435580}, 'timezone': 19800, 'id': 1273294, 'name': 'Delhi', 'cod': 200}
[2022-03-16 15:20:15,395] {logging_mixin.py:109} INFO - {'coord': {'lon': 77.6033, 'lat': 12.9762}, 'weather': [{'id': 721, 'main': 'Haze', 'description': 'haze', 'icon': '50n'}], 'base': 'stations', 'main': {'temp': 82.04, 'feels_like': 80.51, 'temp_min': 78.62, 'temp_max': 82.04, 'pressure': 1014, 'humidity': 30}, 'visibility': 5000, 'wind': {'speed': 5.75, 'deg': 80}, 'clouds': {'all': 20}, 'dt': 1647444015, 'sys': {'type': 1, 'id': 9205, 'country': 'IN', 'sunrise': 1647392200, 'sunset': 1647435605}, 'timezone': 19800, 'id': 1277333, 'name': 'Bengaluru', 'cod': 200}
[2022-03-16 15:20:15,898] {logging_mixin.py:109} INFO - {'coord': {'lon': 74.0833, 'lat': 15.3333}, 'weather': [{'id': 804, 'main': 'Clouds', 'description': 'overcast clouds', 'icon': '04n'}], 'base': 'stations', 'main': {'temp': 76.28, 'feels_like': 77.47, 'temp_min': 76.28, 'temp_max': 76.28, 'pressure': 1008, 'humidity': 82, 'sea_level': 1008, 'grnd_level': 994}, 'visibility': 10000, 'wind': {'speed': 1.45, 'deg': 314, 'gust': 2.57}, 'clouds': {'all': 98}, 'dt': 1647443911, 'sys': {'country': 'IN', 'sunrise': 1647393062, 'sunset': 1647436433}, 'timezone': 19800, 'id': 1271157, 'name': 'Goa', 'cod': 200}
[2022-03-16 15:20:16,403] {logging_mixin.py:109} INFO - {'coord': {'lon': 72.8479, 'lat': 19.0144}, 'weather': [{'id': 711, 'main': 'Smoke', 'description': 'smoke', 'icon': '50n'}], 'base': 'stations', 'main': {'temp': 96.78, 'feels_like': 92.8, 'temp_min': 96.78, 'temp_max': 96.78, 'pressure': 1006, 'humidity': 17}, 'visibility': 3000, 'wind': {'speed': 8.05, 'deg': 340}, 'clouds': {'all': 1}, 'dt': 1647443929, 'sys': {'type': 1, 'id': 9052, 'country': 'IN', 'sunrise': 1647393385, 'sunset': 1647436702}, 'timezone': 19800, 'id': 1275339, 'name': 'Mumbai', 'cod': 200}
[2022-03-16 15:20:16,920] {logging_mixin.py:109} INFO - {'coord': {'lon': 75.8167, 'lat': 26.9167}, 'weather': [{'id': 721, 'main': 'Haze', 'description': 'haze', 'icon': '50n'}], 'base': 'stations', 'main': {'temp': 87.12, 'feels_like': 84.83, 'temp_min': 87.12, 'temp_max': 87.12, 'pressure': 1008, 'humidity': 30}, 'visibility': 4000, 'wind': {'speed': 3.44, 'deg': 0}, 'clouds': {'all': 52}, 'dt': 1647444017, 'sys': {'type': 1, 'id': 9170, 'country': 'IN', 'sunrise': 1647392733, 'sunset': 1647435930}, 'timezone': 19800, 'id': 1269515, 'name': 'Jaipur', 'cod': 200}
[2022-03-16 15:20:17,470] {logging_mixin.py:109} INFO - {'coord': {'lon': 78.4744, 'lat': 17.3753}, 'weather': [{'id': 801, 'main': 'Clouds', 'description': 'few clouds', 'icon': '02n'}], 'base': 'stations', 'main': {'temp': 77.41, 'feels_like': 76.41, 'temp_min': 77.41, 'temp_max': 85.51, 'pressure': 1011, 'humidity': 33}, 'visibility': 6000, 'wind': {'speed': 4.61, 'deg': 130}, 'clouds': {'all': 24}, 'dt': 1647443897, 'sys': {'type': 1, 'id': 9214, 'country': 'IN', 'sunrise': 1647392024, 'sunset': 1647435364}, 'timezone': 19800, 'id': 1269843, 'name': 'Hyderabad', 'cod': 200}
[2022-03-16 15:20:17,986] {logging_mixin.py:109} INFO - {'coord': {'lon': 73.8553, 'lat': 18.5196}, 'weather': [{'id': 801, 'main': 'Clouds', 'description': 'few clouds', 'icon': '02n'}], 'base': 'stations', 'main': {'temp': 85.95, 'feels_like': 82.65, 'temp_min': 85.95, 'temp_max': 85.95, 'pressure': 1009, 'humidity': 17, 'sea_level': 1009, 'grnd_level': 948}, 'visibility': 10000, 'wind': {'speed': 5.17, 'deg': 333, 'gust': 11.39}, 'clouds': {'all': 21}, 'dt': 1647443912, 'sys': {'country': 'IN', 'sunrise': 1647393140, 'sunset': 1647436464}, 'timezone': 19800, 'id': 1259229, 'name': 'Pune', 'cod': 200}
[2022-03-16 15:20:18,835] {logging_mixin.py:109} INFO - {'coord': {'lon': 78.4744, 'lat': 17.3753}, 'weather': [{'id': 801, 'main': 'Clouds', 'description': 'few clouds', 'icon': '02n'}], 'base': 'stations', 'main': {'temp': 77.41, 'feels_like': 76.41, 'temp_min': 77.41, 'temp_max': 85.51, 'pressure': 1011, 'humidity': 33}, 'visibility': 6000, 'wind': {'speed': 4.61, 'deg': 130}, 'clouds': {'all': 24}, 'dt': 1647443897, 'sys': {'type': 1, 'id': 9214, 'country': 'IN', 'sunrise': 1647392024, 'sunset': 1647435364}, 'timezone': 19800, 'id': 1269843, 'name': 'Hyderabad', 'cod': 200}
[2022-03-16 15:20:19,341] {logging_mixin.py:109} INFO - {'coord': {'lon': 76.7933, 'lat': 30.7343}, 'weather': [{'id': 800, 'main': 'Clear', 'description': 'clear sky', 'icon': '01n'}], 'base': 'stations', 'main': {'temp': 78.19, 'feels_like': 77.36, 'temp_min': 78.19, 'temp_max': 78.19, 'pressure': 1004, 'humidity': 35, 'sea_level': 1004, 'grnd_level': 965}, 'visibility': 10000, 'wind': {'speed': 7.94, 'deg': 16, 'gust': 10.85}, 'clouds': {'all': 6}, 'dt': 1647443910, 'sys': {'country': 'IN', 'sunrise': 1647392529, 'sunset': 1647435666}, 'timezone': 19800, 'id': 1274746, 'name': 'Chandigarh', 'cod': 200}
[2022-03-16 15:20:19,352] {logging_mixin.py:109} INFO - Done Successfully
[2022-03-16 15:20:19,355] {python.py:175} INFO - Done. Returned value was: None
[2022-03-16 15:20:19,399] {taskinstance.py:1282} INFO - Marking task as SUCCESS. dag_id=Assignment, task_id=Write_into_csv, execution_date=20220316T151957, start_date=20220316T152006, end_date=20220316T152019
[2022-03-16 15:20:19,509] {local_task_job.py:154} INFO - Task exited with return code 0
[2022-03-16 15:20:19,660] {local_task_job.py:264} INFO - 1 downstream tasks scheduled from follow-on schedule check
