[2022-03-16 15:20:43,017] {taskinstance.py:1037} INFO - Dependencies all met for <TaskInstance: Assignment.read_csv_load_data manual__2022-03-16T15:19:57.007190+00:00 [queued]>
[2022-03-16 15:20:43,072] {taskinstance.py:1037} INFO - Dependencies all met for <TaskInstance: Assignment.read_csv_load_data manual__2022-03-16T15:19:57.007190+00:00 [queued]>
[2022-03-16 15:20:43,075] {taskinstance.py:1243} INFO - 
--------------------------------------------------------------------------------
[2022-03-16 15:20:43,077] {taskinstance.py:1244} INFO - Starting attempt 1 of 2
[2022-03-16 15:20:43,078] {taskinstance.py:1245} INFO - 
--------------------------------------------------------------------------------
[2022-03-16 15:20:43,148] {taskinstance.py:1264} INFO - Executing <Task(PythonOperator): read_csv_load_data> on 2022-03-16 15:19:57.007190+00:00
[2022-03-16 15:20:43,161] {standard_task_runner.py:52} INFO - Started process 1173 to run task
[2022-03-16 15:20:43,176] {standard_task_runner.py:76} INFO - Running: ['***', 'tasks', 'run', 'Assignment', 'read_csv_load_data', 'manual__2022-03-16T15:19:57.007190+00:00', '--job-id', '14', '--raw', '--subdir', 'DAGS_FOLDER/DAG_file.py', '--cfg-path', '/tmp/tmpd4sw4h_b', '--error-file', '/tmp/tmp5q7m5i9t']
[2022-03-16 15:20:43,180] {standard_task_runner.py:77} INFO - Job 14: Subtask read_csv_load_data
[2022-03-16 15:20:43,361] {logging_mixin.py:109} INFO - Running <TaskInstance: Assignment.read_csv_load_data manual__2022-03-16T15:19:57.007190+00:00 [running]> on host e8c8ac0dbee4
[2022-03-16 15:20:43,547] {taskinstance.py:1431} INFO - Exporting the following env vars:
AIRFLOW_CTX_DAG_EMAIL=***@***.com
AIRFLOW_CTX_DAG_OWNER=Airflow
AIRFLOW_CTX_DAG_ID=Assignment
AIRFLOW_CTX_TASK_ID=read_csv_load_data
AIRFLOW_CTX_EXECUTION_DATE=2022-03-16T15:19:57.007190+00:00
AIRFLOW_CTX_DAG_RUN_ID=manual__2022-03-16T15:19:57.007190+00:00
[2022-03-16 15:20:43,750] {logging_mixin.py:109} INFO -         State      Description  Temperature  ...  Max_Temperature  Humidity  Clouds
0       Patna             haze        82.33  ...            82.33        61       2
1       Delhi             haze        84.29  ...            87.31        54      84
2   Bengaluru             haze        82.04  ...            82.04        30      20
3         Goa  overcast clouds        76.28  ...            76.28        82      98
4      Mumbai            smoke        96.78  ...            96.78        17       1
5      Jaipur             haze        87.12  ...            87.12        30      52
6   Hyderabad       few clouds        77.41  ...            85.51        33      24
7        Pune       few clouds        85.95  ...            85.95        17      21
8   Hyderabad       few clouds        77.41  ...            85.51        33      24
9  Chandigarh        clear sky        78.19  ...            78.19        35       6

[10 rows x 8 columns]
[2022-03-16 15:20:43,762] {logging_mixin.py:109} INFO - added..
[2022-03-16 15:20:43,767] {logging_mixin.py:109} INFO - added..
[2022-03-16 15:20:43,770] {logging_mixin.py:109} INFO - added..
[2022-03-16 15:20:43,773] {logging_mixin.py:109} INFO - added..
[2022-03-16 15:20:43,777] {logging_mixin.py:109} INFO - added..
[2022-03-16 15:20:43,780] {logging_mixin.py:109} INFO - added..
[2022-03-16 15:20:43,782] {logging_mixin.py:109} INFO - added..
[2022-03-16 15:20:43,785] {logging_mixin.py:109} INFO - added..
[2022-03-16 15:20:43,788] {logging_mixin.py:109} INFO - added..
[2022-03-16 15:20:43,791] {logging_mixin.py:109} INFO - added..
[2022-03-16 15:20:43,794] {logging_mixin.py:109} INFO - values are Inserted successfully
[2022-03-16 15:20:43,795] {logging_mixin.py:109} INFO - No issues
[2022-03-16 15:20:43,797] {python.py:175} INFO - Done. Returned value was: None
[2022-03-16 15:20:43,842] {taskinstance.py:1282} INFO - Marking task as SUCCESS. dag_id=Assignment, task_id=read_csv_load_data, execution_date=20220316T151957, start_date=20220316T152043, end_date=20220316T152043
[2022-03-16 15:20:43,952] {local_task_job.py:154} INFO - Task exited with return code 0
[2022-03-16 15:20:44,066] {local_task_job.py:264} INFO - 0 downstream tasks scheduled from follow-on schedule check
