[2022-03-16 15:20:26,813] {taskinstance.py:1037} INFO - Dependencies all met for <TaskInstance: Assignment.create_table manual__2022-03-16T15:19:57.007190+00:00 [queued]>
[2022-03-16 15:20:26,913] {taskinstance.py:1037} INFO - Dependencies all met for <TaskInstance: Assignment.create_table manual__2022-03-16T15:19:57.007190+00:00 [queued]>
[2022-03-16 15:20:26,915] {taskinstance.py:1243} INFO - 
--------------------------------------------------------------------------------
[2022-03-16 15:20:26,918] {taskinstance.py:1244} INFO - Starting attempt 1 of 2
[2022-03-16 15:20:26,921] {taskinstance.py:1245} INFO - 
--------------------------------------------------------------------------------
[2022-03-16 15:20:27,037] {taskinstance.py:1264} INFO - Executing <Task(PythonOperator): create_table> on 2022-03-16 15:19:57.007190+00:00
[2022-03-16 15:20:27,080] {standard_task_runner.py:52} INFO - Started process 1162 to run task
[2022-03-16 15:20:27,100] {standard_task_runner.py:76} INFO - Running: ['***', 'tasks', 'run', 'Assignment', 'create_table', 'manual__2022-03-16T15:19:57.007190+00:00', '--job-id', '13', '--raw', '--subdir', 'DAGS_FOLDER/DAG_file.py', '--cfg-path', '/tmp/tmpnoge87ou', '--error-file', '/tmp/tmp5tr6g14c']
[2022-03-16 15:20:27,112] {standard_task_runner.py:77} INFO - Job 13: Subtask create_table
[2022-03-16 15:20:28,566] {logging_mixin.py:109} INFO - Running <TaskInstance: Assignment.create_table manual__2022-03-16T15:19:57.007190+00:00 [running]> on host e8c8ac0dbee4
[2022-03-16 15:20:29,777] {taskinstance.py:1431} INFO - Exporting the following env vars:
AIRFLOW_CTX_DAG_EMAIL=***@***.com
AIRFLOW_CTX_DAG_OWNER=Airflow
AIRFLOW_CTX_DAG_ID=Assignment
AIRFLOW_CTX_TASK_ID=create_table
AIRFLOW_CTX_EXECUTION_DATE=2022-03-16T15:19:57.007190+00:00
AIRFLOW_CTX_DAG_RUN_ID=manual__2022-03-16T15:19:57.007190+00:00
[2022-03-16 15:20:31,770] {logging_mixin.py:109} INFO -         State      Description  Temperature  ...  Max_Temperature  Humidity  Clouds
0       Patna             haze        82.33  ...            82.33        61       2
1       Delhi             haze        84.29  ...            87.31        54      84
2   Bengaluru             haze        82.04  ...            82.04        30      20
3         Goa  overcast clouds        76.28  ...            76.28        82      98
4      Mumbai            smoke        96.78  ...            96.78        17       1
5      Jaipur             haze        87.12  ...            87.12        30      52
6   Hyderabad       few clouds        77.41  ...            85.51        33      24
7        Pune       few clouds        85.95  ...            85.95        17      21
8   Hyderabad       few clouds        77.41  ...            85.51        33      24
9  Chandigarh        clear sky        78.19  ...            78.19        35       6

[10 rows x 8 columns]
[2022-03-16 15:20:35,064] {logging_mixin.py:109} INFO - Table Created successfully
[2022-03-16 15:20:35,117] {logging_mixin.py:109} INFO - rows are added..
[2022-03-16 15:20:35,137] {logging_mixin.py:109} INFO - rows are added..
[2022-03-16 15:20:35,142] {logging_mixin.py:109} INFO - rows are added..
[2022-03-16 15:20:35,146] {logging_mixin.py:109} INFO - rows are added..
[2022-03-16 15:20:35,159] {logging_mixin.py:109} INFO - rows are added..
[2022-03-16 15:20:35,168] {logging_mixin.py:109} INFO - rows are added..
[2022-03-16 15:20:35,173] {logging_mixin.py:109} INFO - rows are added..
[2022-03-16 15:20:35,178] {logging_mixin.py:109} INFO - rows are added..
[2022-03-16 15:20:35,185] {logging_mixin.py:109} INFO - rows are added..
[2022-03-16 15:20:35,193] {logging_mixin.py:109} INFO - rows are added..
[2022-03-16 15:20:35,199] {logging_mixin.py:109} INFO - values are Inserted successfully
[2022-03-16 15:20:35,206] {logging_mixin.py:109} INFO - No issues
[2022-03-16 15:20:35,209] {python.py:175} INFO - Done. Returned value was: None
[2022-03-16 15:20:35,419] {taskinstance.py:1282} INFO - Marking task as SUCCESS. dag_id=Assignment, task_id=create_table, execution_date=20220316T151957, start_date=20220316T152026, end_date=20220316T152035
[2022-03-16 15:20:35,584] {local_task_job.py:154} INFO - Task exited with return code 0
[2022-03-16 15:20:35,725] {local_task_job.py:264} INFO - 1 downstream tasks scheduled from follow-on schedule check
